[0.459s] Invoking command in '/home/rw/ros2_ws/src/ik_retargeting/telekinesis': DEBUGINFOD_URLS=https://debuginfod.ubuntu.com PS1=(venv) \[\e]0;\u@\h: \w\a\]${debian_chroot:+($debian_chroot)}\[\033[01;32m\]\u@\h\[\033[00m\]:\[\033[01;34m\]\w\[\033[00m\]\$ PYTHONPATH=/home/rw/ros2_ws/src/ik_retargeting/build/telekinesis/prefix_override:/usr/lib/python3/dist-packages/colcon_core/task/python/colcon_distutils_commands:/home/rw/ros2_ws/src/ik_retargeting/install/telekinesis/lib/python3.12/site-packages:${PYTHONPATH} VIRTUAL_ENV_PROMPT=(venv) /usr/bin/python3 -W ignore:setup.py install is deprecated -W ignore:easy_install command is deprecated setup.py egg_info --egg-base ../build/telekinesis build --build-base /home/rw/ros2_ws/src/ik_retargeting/build/telekinesis/build install --record /home/rw/ros2_ws/src/ik_retargeting/build/telekinesis/install.log --single-version-externally-managed install_data
[0.578s] running egg_info
[0.578s] creating ../build/telekinesis/telekinesis.egg-info
[0.585s] writing ../build/telekinesis/telekinesis.egg-info/PKG-INFO
[0.585s] writing dependency_links to ../build/telekinesis/telekinesis.egg-info/dependency_links.txt
[0.585s] writing entry points to ../build/telekinesis/telekinesis.egg-info/entry_points.txt
[0.585s] writing requirements to ../build/telekinesis/telekinesis.egg-info/requires.txt
[0.586s] writing top-level names to ../build/telekinesis/telekinesis.egg-info/top_level.txt
[0.586s] writing manifest file '../build/telekinesis/telekinesis.egg-info/SOURCES.txt'
[0.601s] reading manifest file '../build/telekinesis/telekinesis.egg-info/SOURCES.txt'
[0.601s] writing manifest file '../build/telekinesis/telekinesis.egg-info/SOURCES.txt'
[0.601s] running build
[0.601s] running build_py
[0.601s] creating /home/rw/ros2_ws/src/ik_retargeting/build/telekinesis/build
[0.601s] creating /home/rw/ros2_ws/src/ik_retargeting/build/telekinesis/build/lib
[0.601s] creating /home/rw/ros2_ws/src/ik_retargeting/build/telekinesis/build/lib/telekinesis
[0.601s] copying telekinesis/__init__.py -> /home/rw/ros2_ws/src/ik_retargeting/build/telekinesis/build/lib/telekinesis
[0.601s] copying telekinesis/leap_ik.py -> /home/rw/ros2_ws/src/ik_retargeting/build/telekinesis/build/lib/telekinesis
[0.601s] running install
[0.604s] running install_lib
[0.612s] creating /home/rw/ros2_ws/src/ik_retargeting/install/telekinesis/lib/python3.12/site-packages/telekinesis
[0.612s] copying /home/rw/ros2_ws/src/ik_retargeting/build/telekinesis/build/lib/telekinesis/__init__.py -> /home/rw/ros2_ws/src/ik_retargeting/install/telekinesis/lib/python3.12/site-packages/telekinesis
[0.612s] copying /home/rw/ros2_ws/src/ik_retargeting/build/telekinesis/build/lib/telekinesis/leap_ik.py -> /home/rw/ros2_ws/src/ik_retargeting/install/telekinesis/lib/python3.12/site-packages/telekinesis
[0.612s] byte-compiling /home/rw/ros2_ws/src/ik_retargeting/install/telekinesis/lib/python3.12/site-packages/telekinesis/__init__.py to __init__.cpython-312.pyc
[0.612s] byte-compiling /home/rw/ros2_ws/src/ik_retargeting/install/telekinesis/lib/python3.12/site-packages/telekinesis/leap_ik.py to leap_ik.cpython-312.pyc
[0.613s] running install_data
[0.613s] creating /home/rw/ros2_ws/src/ik_retargeting/install/telekinesis/share/ament_index
[0.613s] creating /home/rw/ros2_ws/src/ik_retargeting/install/telekinesis/share/ament_index/resource_index
[0.613s] creating /home/rw/ros2_ws/src/ik_retargeting/install/telekinesis/share/ament_index/resource_index/packages
[0.614s] copying resource/telekinesis -> /home/rw/ros2_ws/src/ik_retargeting/install/telekinesis/share/ament_index/resource_index/packages
[0.614s] copying package.xml -> /home/rw/ros2_ws/src/ik_retargeting/install/telekinesis/share/telekinesis
[0.614s] running install_egg_info
[0.622s] Copying ../build/telekinesis/telekinesis.egg-info to /home/rw/ros2_ws/src/ik_retargeting/install/telekinesis/lib/python3.12/site-packages/telekinesis-0.0.0-py3.12.egg-info
[0.622s] running install_scripts
[0.677s] Installing leap_ik script to /home/rw/ros2_ws/src/ik_retargeting/install/telekinesis/lib/telekinesis
[0.677s] writing list of installed files to '/home/rw/ros2_ws/src/ik_retargeting/build/telekinesis/install.log'
[0.689s] Invoked command in '/home/rw/ros2_ws/src/ik_retargeting/telekinesis' returned '0': DEBUGINFOD_URLS=https://debuginfod.ubuntu.com PS1=(venv) \[\e]0;\u@\h: \w\a\]${debian_chroot:+($debian_chroot)}\[\033[01;32m\]\u@\h\[\033[00m\]:\[\033[01;34m\]\w\[\033[00m\]\$ PYTHONPATH=/home/rw/ros2_ws/src/ik_retargeting/build/telekinesis/prefix_override:/usr/lib/python3/dist-packages/colcon_core/task/python/colcon_distutils_commands:/home/rw/ros2_ws/src/ik_retargeting/install/telekinesis/lib/python3.12/site-packages:${PYTHONPATH} VIRTUAL_ENV_PROMPT=(venv) /usr/bin/python3 -W ignore:setup.py install is deprecated -W ignore:easy_install command is deprecated setup.py egg_info --egg-base ../build/telekinesis build --build-base /home/rw/ros2_ws/src/ik_retargeting/build/telekinesis/build install --record /home/rw/ros2_ws/src/ik_retargeting/build/telekinesis/install.log --single-version-externally-managed install_data
