[0.046s] DEBUG:colcon:Command line arguments: ['/usr/bin/colcon', 'build', '--packages-select', 'glove', 'telekinesis']
[0.046s] DEBUG:colcon:Parsed command line arguments: Namespace(log_base=None, log_level=None, verb_name='build', build_base='build', install_base='install', merge_install=False, symlink_install=False, test_result_base=None, continue_on_error=False, executor='parallel', parallel_workers=32, event_handlers=None, ignore_user_meta=False, metas=['./colcon.meta'], base_paths=['.'], packages_ignore=None, packages_ignore_regex=None, paths=None, packages_up_to=None, packages_up_to_regex=None, packages_above=None, packages_above_and_dependencies=None, packages_above_depth=None, packages_select_by_dep=None, packages_skip_by_dep=None, packages_skip_up_to=None, packages_select_build_failed=False, packages_skip_build_finished=False, packages_select_test_failures=False, packages_skip_test_passed=False, packages_select=['glove', 'telekinesis'], packages_skip=None, packages_select_regex=None, packages_skip_regex=None, packages_start=None, packages_end=None, allow_overriding=[], cmake_args=None, cmake_target=None, cmake_target_skip_unavailable=False, cmake_clean_cache=False, cmake_clean_first=False, cmake_force_configure=False, ament_cmake_args=None, catkin_cmake_args=None, catkin_skip_building_tests=False, verb_parser=<colcon_defaults.argument_parser.defaults.DefaultArgumentsDecorator object at 0x7eeeeda7f830>, verb_extension=<colcon_core.verb.build.BuildVerb object at 0x7eeeeda7f6e0>, main=<bound method BuildVerb.main of <colcon_core.verb.build.BuildVerb object at 0x7eeeeda7f6e0>>)
[0.064s] Level 1:colcon.colcon_core.package_discovery:discover_packages(colcon_meta) check parameters
[0.064s] Level 1:colcon.colcon_core.package_discovery:discover_packages(recursive) check parameters
[0.064s] Level 1:colcon.colcon_core.package_discovery:discover_packages(ignore) check parameters
[0.064s] Level 1:colcon.colcon_core.package_discovery:discover_packages(path) check parameters
[0.064s] Level 1:colcon.colcon_core.package_discovery:discover_packages(colcon_meta) discover
[0.064s] Level 1:colcon.colcon_core.package_discovery:discover_packages(recursive) discover
[0.064s] INFO:colcon.colcon_core.package_discovery:Crawling recursively for packages in '/home/rw/ros2_ws/src/ik_retargeting'
[0.064s] Level 1:colcon.colcon_core.package_identification:_identify(.) by extensions ['ignore', 'ignore_ament_install']
[0.064s] Level 1:colcon.colcon_core.package_identification:_identify(.) by extension 'ignore'
[0.064s] Level 1:colcon.colcon_core.package_identification:_identify(.) by extension 'ignore_ament_install'
[0.064s] Level 1:colcon.colcon_core.package_identification:_identify(.) by extensions ['colcon_pkg']
[0.064s] Level 1:colcon.colcon_core.package_identification:_identify(.) by extension 'colcon_pkg'
[0.064s] Level 1:colcon.colcon_core.package_identification:_identify(.) by extensions ['colcon_meta']
[0.064s] Level 1:colcon.colcon_core.package_identification:_identify(.) by extension 'colcon_meta'
[0.064s] Level 1:colcon.colcon_core.package_identification:_identify(.) by extensions ['ros']
[0.064s] Level 1:colcon.colcon_core.package_identification:_identify(.) by extension 'ros'
[0.077s] Level 1:colcon.colcon_core.package_identification:_identify(.) by extensions ['cmake', 'python']
[0.077s] Level 1:colcon.colcon_core.package_identification:_identify(.) by extension 'cmake'
[0.077s] Level 1:colcon.colcon_core.package_identification:_identify(.) by extension 'python'
[0.077s] Level 1:colcon.colcon_core.package_identification:_identify(.) by extensions ['python_setup_py']
[0.077s] Level 1:colcon.colcon_core.package_identification:_identify(.) by extension 'python_setup_py'
[0.077s] Level 1:colcon.colcon_core.package_identification:_identify(build) by extensions ['ignore', 'ignore_ament_install']
[0.077s] Level 1:colcon.colcon_core.package_identification:_identify(build) by extension 'ignore'
[0.077s] Level 1:colcon.colcon_core.package_identification:_identify(build) ignored
[0.077s] Level 1:colcon.colcon_core.package_identification:_identify(glove) by extensions ['ignore', 'ignore_ament_install']
[0.077s] Level 1:colcon.colcon_core.package_identification:_identify(glove) by extension 'ignore'
[0.077s] Level 1:colcon.colcon_core.package_identification:_identify(glove) by extension 'ignore_ament_install'
[0.077s] Level 1:colcon.colcon_core.package_identification:_identify(glove) by extensions ['colcon_pkg']
[0.077s] Level 1:colcon.colcon_core.package_identification:_identify(glove) by extension 'colcon_pkg'
[0.077s] Level 1:colcon.colcon_core.package_identification:_identify(glove) by extensions ['colcon_meta']
[0.077s] Level 1:colcon.colcon_core.package_identification:_identify(glove) by extension 'colcon_meta'
[0.077s] Level 1:colcon.colcon_core.package_identification:_identify(glove) by extensions ['ros']
[0.077s] Level 1:colcon.colcon_core.package_identification:_identify(glove) by extension 'ros'
[0.078s] DEBUG:colcon.colcon_core.package_identification:Package 'glove' with type 'ros.ament_python' and name 'glove'
[0.078s] Level 1:colcon.colcon_core.package_identification:_identify(install) by extensions ['ignore', 'ignore_ament_install']
[0.078s] Level 1:colcon.colcon_core.package_identification:_identify(install) by extension 'ignore'
[0.078s] Level 1:colcon.colcon_core.package_identification:_identify(install) ignored
[0.078s] Level 1:colcon.colcon_core.package_identification:_identify(launch) by extensions ['ignore', 'ignore_ament_install']
[0.078s] Level 1:colcon.colcon_core.package_identification:_identify(launch) by extension 'ignore'
[0.078s] Level 1:colcon.colcon_core.package_identification:_identify(launch) by extension 'ignore_ament_install'
[0.078s] Level 1:colcon.colcon_core.package_identification:_identify(launch) by extensions ['colcon_pkg']
[0.078s] Level 1:colcon.colcon_core.package_identification:_identify(launch) by extension 'colcon_pkg'
[0.078s] Level 1:colcon.colcon_core.package_identification:_identify(launch) by extensions ['colcon_meta']
[0.078s] Level 1:colcon.colcon_core.package_identification:_identify(launch) by extension 'colcon_meta'
[0.078s] Level 1:colcon.colcon_core.package_identification:_identify(launch) by extensions ['ros']
[0.078s] Level 1:colcon.colcon_core.package_identification:_identify(launch) by extension 'ros'
[0.079s] Level 1:colcon.colcon_core.package_identification:_identify(launch) by extensions ['cmake', 'python']
[0.079s] Level 1:colcon.colcon_core.package_identification:_identify(launch) by extension 'cmake'
[0.079s] Level 1:colcon.colcon_core.package_identification:_identify(launch) by extension 'python'
[0.079s] Level 1:colcon.colcon_core.package_identification:_identify(launch) by extensions ['python_setup_py']
[0.079s] Level 1:colcon.colcon_core.package_identification:_identify(launch) by extension 'python_setup_py'
[0.079s] Level 1:colcon.colcon_core.package_identification:_identify(launch/__pycache__) by extensions ['ignore', 'ignore_ament_install']
[0.079s] Level 1:colcon.colcon_core.package_identification:_identify(launch/__pycache__) by extension 'ignore'
[0.079s] Level 1:colcon.colcon_core.package_identification:_identify(launch/__pycache__) by extension 'ignore_ament_install'
[0.079s] Level 1:colcon.colcon_core.package_identification:_identify(launch/__pycache__) by extensions ['colcon_pkg']
[0.079s] Level 1:colcon.colcon_core.package_identification:_identify(launch/__pycache__) by extension 'colcon_pkg'
[0.079s] Level 1:colcon.colcon_core.package_identification:_identify(launch/__pycache__) by extensions ['colcon_meta']
[0.079s] Level 1:colcon.colcon_core.package_identification:_identify(launch/__pycache__) by extension 'colcon_meta'
[0.079s] Level 1:colcon.colcon_core.package_identification:_identify(launch/__pycache__) by extensions ['ros']
[0.079s] Level 1:colcon.colcon_core.package_identification:_identify(launch/__pycache__) by extension 'ros'
[0.079s] Level 1:colcon.colcon_core.package_identification:_identify(launch/__pycache__) by extensions ['cmake', 'python']
[0.079s] Level 1:colcon.colcon_core.package_identification:_identify(launch/__pycache__) by extension 'cmake'
[0.079s] Level 1:colcon.colcon_core.package_identification:_identify(launch/__pycache__) by extension 'python'
[0.079s] Level 1:colcon.colcon_core.package_identification:_identify(launch/__pycache__) by extensions ['python_setup_py']
[0.079s] Level 1:colcon.colcon_core.package_identification:_identify(launch/__pycache__) by extension 'python_setup_py'
[0.079s] Level 1:colcon.colcon_core.package_identification:_identify(log) by extensions ['ignore', 'ignore_ament_install']
[0.079s] Level 1:colcon.colcon_core.package_identification:_identify(log) by extension 'ignore'
[0.079s] Level 1:colcon.colcon_core.package_identification:_identify(log) ignored
[0.079s] Level 1:colcon.colcon_core.package_identification:_identify(telekinesis) by extensions ['ignore', 'ignore_ament_install']
[0.079s] Level 1:colcon.colcon_core.package_identification:_identify(telekinesis) by extension 'ignore'
[0.079s] Level 1:colcon.colcon_core.package_identification:_identify(telekinesis) by extension 'ignore_ament_install'
[0.079s] Level 1:colcon.colcon_core.package_identification:_identify(telekinesis) by extensions ['colcon_pkg']
[0.079s] Level 1:colcon.colcon_core.package_identification:_identify(telekinesis) by extension 'colcon_pkg'
[0.079s] Level 1:colcon.colcon_core.package_identification:_identify(telekinesis) by extensions ['colcon_meta']
[0.079s] Level 1:colcon.colcon_core.package_identification:_identify(telekinesis) by extension 'colcon_meta'
[0.079s] Level 1:colcon.colcon_core.package_identification:_identify(telekinesis) by extensions ['ros']
[0.079s] Level 1:colcon.colcon_core.package_identification:_identify(telekinesis) by extension 'ros'
[0.079s] DEBUG:colcon.colcon_core.package_identification:Package 'telekinesis' with type 'ros.ament_python' and name 'telekinesis'
[0.079s] Level 1:colcon.colcon_core.package_discovery:discover_packages(recursive) using defaults
[0.079s] Level 1:colcon.colcon_core.package_discovery:discover_packages(ignore) discover
[0.079s] Level 1:colcon.colcon_core.package_discovery:discover_packages(ignore) using defaults
[0.079s] Level 1:colcon.colcon_core.package_discovery:discover_packages(path) discover
[0.079s] Level 1:colcon.colcon_core.package_discovery:discover_packages(path) using defaults
[0.088s] Level 1:colcon.colcon_core.package_discovery:discover_packages(prefix_path) check parameters
[0.088s] Level 1:colcon.colcon_core.package_discovery:discover_packages(prefix_path) discover
[0.089s] DEBUG:colcon.colcon_installed_package_information.package_discovery:Found 55 installed packages in /home/rw/ros2_ws/install
[0.090s] DEBUG:colcon.colcon_installed_package_information.package_discovery:Found 387 installed packages in /opt/ros/jazzy
[0.091s] Level 1:colcon.colcon_core.package_discovery:discover_packages(prefix_path) using defaults
[0.113s] Level 5:colcon.colcon_core.verb:set package 'glove' build argument 'cmake_args' from command line to 'None'
[0.113s] Level 5:colcon.colcon_core.verb:set package 'glove' build argument 'cmake_target' from command line to 'None'
[0.113s] Level 5:colcon.colcon_core.verb:set package 'glove' build argument 'cmake_target_skip_unavailable' from command line to 'False'
[0.113s] Level 5:colcon.colcon_core.verb:set package 'glove' build argument 'cmake_clean_cache' from command line to 'False'
[0.113s] Level 5:colcon.colcon_core.verb:set package 'glove' build argument 'cmake_clean_first' from command line to 'False'
[0.113s] Level 5:colcon.colcon_core.verb:set package 'glove' build argument 'cmake_force_configure' from command line to 'False'
[0.113s] Level 5:colcon.colcon_core.verb:set package 'glove' build argument 'ament_cmake_args' from command line to 'None'
[0.113s] Level 5:colcon.colcon_core.verb:set package 'glove' build argument 'catkin_cmake_args' from command line to 'None'
[0.113s] Level 5:colcon.colcon_core.verb:set package 'glove' build argument 'catkin_skip_building_tests' from command line to 'False'
[0.113s] DEBUG:colcon.colcon_core.verb:Building package 'glove' with the following arguments: {'ament_cmake_args': None, 'build_base': '/home/rw/ros2_ws/src/ik_retargeting/build/glove', 'catkin_cmake_args': None, 'catkin_skip_building_tests': False, 'cmake_args': None, 'cmake_clean_cache': False, 'cmake_clean_first': False, 'cmake_force_configure': False, 'cmake_target': None, 'cmake_target_skip_unavailable': False, 'install_base': '/home/rw/ros2_ws/src/ik_retargeting/install/glove', 'merge_install': False, 'path': '/home/rw/ros2_ws/src/ik_retargeting/glove', 'symlink_install': False, 'test_result_base': None}
[0.114s] Level 5:colcon.colcon_core.verb:set package 'telekinesis' build argument 'cmake_args' from command line to 'None'
[0.114s] Level 5:colcon.colcon_core.verb:set package 'telekinesis' build argument 'cmake_target' from command line to 'None'
[0.114s] Level 5:colcon.colcon_core.verb:set package 'telekinesis' build argument 'cmake_target_skip_unavailable' from command line to 'False'
[0.114s] Level 5:colcon.colcon_core.verb:set package 'telekinesis' build argument 'cmake_clean_cache' from command line to 'False'
[0.114s] Level 5:colcon.colcon_core.verb:set package 'telekinesis' build argument 'cmake_clean_first' from command line to 'False'
[0.114s] Level 5:colcon.colcon_core.verb:set package 'telekinesis' build argument 'cmake_force_configure' from command line to 'False'
[0.114s] Level 5:colcon.colcon_core.verb:set package 'telekinesis' build argument 'ament_cmake_args' from command line to 'None'
[0.114s] Level 5:colcon.colcon_core.verb:set package 'telekinesis' build argument 'catkin_cmake_args' from command line to 'None'
[0.114s] Level 5:colcon.colcon_core.verb:set package 'telekinesis' build argument 'catkin_skip_building_tests' from command line to 'False'
[0.114s] DEBUG:colcon.colcon_core.verb:Building package 'telekinesis' with the following arguments: {'ament_cmake_args': None, 'build_base': '/home/rw/ros2_ws/src/ik_retargeting/build/telekinesis', 'catkin_cmake_args': None, 'catkin_skip_building_tests': False, 'cmake_args': None, 'cmake_clean_cache': False, 'cmake_clean_first': False, 'cmake_force_configure': False, 'cmake_target': None, 'cmake_target_skip_unavailable': False, 'install_base': '/home/rw/ros2_ws/src/ik_retargeting/install/telekinesis', 'merge_install': False, 'path': '/home/rw/ros2_ws/src/ik_retargeting/telekinesis', 'symlink_install': False, 'test_result_base': None}
[0.114s] INFO:colcon.colcon_core.executor:Executing jobs using 'parallel' executor
[0.114s] DEBUG:colcon.colcon_parallel_executor.executor.parallel:run_until_complete
[0.114s] INFO:colcon.colcon_ros.task.ament_python.build:Building ROS package in '/home/rw/ros2_ws/src/ik_retargeting/glove' with build type 'ament_python'
[0.114s] Level 1:colcon.colcon_core.shell:create_environment_hook('glove', 'ament_prefix_path')
[0.115s] INFO:colcon.colcon_core.plugin_system:Skipping extension 'colcon_core.shell.bat': Not used on non-Windows systems
[0.115s] INFO:colcon.colcon_core.shell:Creating environment hook '/home/rw/ros2_ws/src/ik_retargeting/install/glove/share/glove/hook/ament_prefix_path.ps1'
[0.116s] INFO:colcon.colcon_core.shell:Creating environment descriptor '/home/rw/ros2_ws/src/ik_retargeting/install/glove/share/glove/hook/ament_prefix_path.dsv'
[0.116s] INFO:colcon.colcon_core.shell:Creating environment hook '/home/rw/ros2_ws/src/ik_retargeting/install/glove/share/glove/hook/ament_prefix_path.sh'
[0.116s] INFO:colcon.colcon_core.shell:Skip shell extension 'powershell' for command environment: Not usable outside of PowerShell
[0.116s] DEBUG:colcon.colcon_core.shell:Skip shell extension 'dsv' for command environment
[0.119s] INFO:colcon.colcon_ros.task.ament_python.build:Building ROS package in '/home/rw/ros2_ws/src/ik_retargeting/telekinesis' with build type 'ament_python'
[0.119s] Level 1:colcon.colcon_core.shell:create_environment_hook('telekinesis', 'ament_prefix_path')
[0.119s] INFO:colcon.colcon_core.shell:Creating environment hook '/home/rw/ros2_ws/src/ik_retargeting/install/telekinesis/share/telekinesis/hook/ament_prefix_path.ps1'
[0.119s] INFO:colcon.colcon_core.shell:Creating environment descriptor '/home/rw/ros2_ws/src/ik_retargeting/install/telekinesis/share/telekinesis/hook/ament_prefix_path.dsv'
[0.119s] INFO:colcon.colcon_core.shell:Creating environment hook '/home/rw/ros2_ws/src/ik_retargeting/install/telekinesis/share/telekinesis/hook/ament_prefix_path.sh'
[0.119s] INFO:colcon.colcon_core.shell:Skip shell extension 'powershell' for command environment: Not usable outside of PowerShell
[0.119s] DEBUG:colcon.colcon_core.shell:Skip shell extension 'dsv' for command environment
[0.223s] INFO:colcon.colcon_core.task.python.build:Building Python package in '/home/rw/ros2_ws/src/ik_retargeting/glove'
[0.223s] INFO:colcon.colcon_core.shell:Skip shell extension 'powershell' for command environment: Not usable outside of PowerShell
[0.223s] DEBUG:colcon.colcon_core.shell:Skip shell extension 'dsv' for command environment
[0.324s] INFO:colcon.colcon_core.task.python.build:Building Python package in '/home/rw/ros2_ws/src/ik_retargeting/telekinesis'
[0.324s] INFO:colcon.colcon_core.shell:Skip shell extension 'powershell' for command environment: Not usable outside of PowerShell
[0.324s] DEBUG:colcon.colcon_core.shell:Skip shell extension 'dsv' for command environment
[0.578s] DEBUG:colcon.colcon_core.event_handler.log_command:Invoking command in '/home/rw/ros2_ws/src/ik_retargeting/telekinesis': DEBUGINFOD_URLS=https://debuginfod.ubuntu.com PS1=(venv) \[\e]0;\u@\h: \w\a\]${debian_chroot:+($debian_chroot)}\[\033[01;32m\]\u@\h\[\033[00m\]:\[\033[01;34m\]\w\[\033[00m\]\$ PYTHONPATH=/home/rw/ros2_ws/src/ik_retargeting/build/telekinesis/prefix_override:/usr/lib/python3/dist-packages/colcon_core/task/python/colcon_distutils_commands:/home/rw/ros2_ws/src/ik_retargeting/install/telekinesis/lib/python3.12/site-packages:${PYTHONPATH} VIRTUAL_ENV_PROMPT=(venv) /usr/bin/python3 -W ignore:setup.py install is deprecated -W ignore:easy_install command is deprecated setup.py egg_info --egg-base ../build/telekinesis build --build-base /home/rw/ros2_ws/src/ik_retargeting/build/telekinesis/build install --record /home/rw/ros2_ws/src/ik_retargeting/build/telekinesis/install.log --single-version-externally-managed install_data
[0.580s] DEBUG:colcon.colcon_core.event_handler.log_command:Invoking command in '/home/rw/ros2_ws/src/ik_retargeting/glove': DEBUGINFOD_URLS=https://debuginfod.ubuntu.com PS1=(venv) \[\e]0;\u@\h: \w\a\]${debian_chroot:+($debian_chroot)}\[\033[01;32m\]\u@\h\[\033[00m\]:\[\033[01;34m\]\w\[\033[00m\]\$ PYTHONPATH=/home/rw/ros2_ws/src/ik_retargeting/build/glove/prefix_override:/usr/lib/python3/dist-packages/colcon_core/task/python/colcon_distutils_commands:/home/rw/ros2_ws/src/ik_retargeting/install/glove/lib/python3.12/site-packages:${PYTHONPATH} VIRTUAL_ENV_PROMPT=(venv) /usr/bin/python3 -W ignore:setup.py install is deprecated -W ignore:easy_install command is deprecated setup.py egg_info --egg-base ../build/glove build --build-base /home/rw/ros2_ws/src/ik_retargeting/build/glove/build install --record /home/rw/ros2_ws/src/ik_retargeting/build/glove/install.log --single-version-externally-managed install_data
[0.808s] DEBUG:colcon.colcon_core.event_handler.log_command:Invoked command in '/home/rw/ros2_ws/src/ik_retargeting/telekinesis' returned '0': DEBUGINFOD_URLS=https://debuginfod.ubuntu.com PS1=(venv) \[\e]0;\u@\h: \w\a\]${debian_chroot:+($debian_chroot)}\[\033[01;32m\]\u@\h\[\033[00m\]:\[\033[01;34m\]\w\[\033[00m\]\$ PYTHONPATH=/home/rw/ros2_ws/src/ik_retargeting/build/telekinesis/prefix_override:/usr/lib/python3/dist-packages/colcon_core/task/python/colcon_distutils_commands:/home/rw/ros2_ws/src/ik_retargeting/install/telekinesis/lib/python3.12/site-packages:${PYTHONPATH} VIRTUAL_ENV_PROMPT=(venv) /usr/bin/python3 -W ignore:setup.py install is deprecated -W ignore:easy_install command is deprecated setup.py egg_info --egg-base ../build/telekinesis build --build-base /home/rw/ros2_ws/src/ik_retargeting/build/telekinesis/build install --record /home/rw/ros2_ws/src/ik_retargeting/build/telekinesis/install.log --single-version-externally-managed install_data
[0.809s] Level 1:colcon.colcon_core.environment:checking '/home/rw/ros2_ws/src/ik_retargeting/install/telekinesis' for CMake module files
[0.809s] Level 1:colcon.colcon_core.environment:checking '/home/rw/ros2_ws/src/ik_retargeting/install/telekinesis' for CMake config files
[0.810s] Level 1:colcon.colcon_core.environment:checking '/home/rw/ros2_ws/src/ik_retargeting/install/telekinesis/lib'
[0.810s] Level 1:colcon.colcon_core.environment:checking '/home/rw/ros2_ws/src/ik_retargeting/install/telekinesis/bin'
[0.810s] Level 1:colcon.colcon_core.environment:checking '/home/rw/ros2_ws/src/ik_retargeting/install/telekinesis/lib/pkgconfig/telekinesis.pc'
[0.810s] Level 1:colcon.colcon_core.environment:checking '/home/rw/ros2_ws/src/ik_retargeting/install/telekinesis/lib/python3.12/site-packages'
[0.810s] Level 1:colcon.colcon_core.shell:create_environment_hook('telekinesis', 'pythonpath')
[0.810s] INFO:colcon.colcon_core.shell:Creating environment hook '/home/rw/ros2_ws/src/ik_retargeting/install/telekinesis/share/telekinesis/hook/pythonpath.ps1'
[0.810s] INFO:colcon.colcon_core.shell:Creating environment descriptor '/home/rw/ros2_ws/src/ik_retargeting/install/telekinesis/share/telekinesis/hook/pythonpath.dsv'
[0.810s] INFO:colcon.colcon_core.shell:Creating environment hook '/home/rw/ros2_ws/src/ik_retargeting/install/telekinesis/share/telekinesis/hook/pythonpath.sh'
[0.811s] Level 1:colcon.colcon_core.environment:checking '/home/rw/ros2_ws/src/ik_retargeting/install/telekinesis/bin'
[0.811s] Level 1:colcon.colcon_core.environment:create_environment_scripts_only(telekinesis)
[0.811s] INFO:colcon.colcon_core.shell:Creating package script '/home/rw/ros2_ws/src/ik_retargeting/install/telekinesis/share/telekinesis/package.ps1'
[0.811s] INFO:colcon.colcon_core.shell:Creating package descriptor '/home/rw/ros2_ws/src/ik_retargeting/install/telekinesis/share/telekinesis/package.dsv'
[0.811s] INFO:colcon.colcon_core.shell:Creating package script '/home/rw/ros2_ws/src/ik_retargeting/install/telekinesis/share/telekinesis/package.sh'
[0.811s] INFO:colcon.colcon_core.shell:Creating package script '/home/rw/ros2_ws/src/ik_retargeting/install/telekinesis/share/telekinesis/package.bash'
[0.812s] INFO:colcon.colcon_core.shell:Creating package script '/home/rw/ros2_ws/src/ik_retargeting/install/telekinesis/share/telekinesis/package.zsh'
[0.812s] Level 1:colcon.colcon_core.environment:create_file_with_runtime_dependencies(/home/rw/ros2_ws/src/ik_retargeting/install/telekinesis/share/colcon-core/packages/telekinesis)
[0.812s] Level 1:colcon.colcon_core.environment:checking '/home/rw/ros2_ws/src/ik_retargeting/install/glove' for CMake module files
[0.813s] DEBUG:colcon.colcon_core.event_handler.log_command:Invoked command in '/home/rw/ros2_ws/src/ik_retargeting/glove' returned '0': DEBUGINFOD_URLS=https://debuginfod.ubuntu.com PS1=(venv) \[\e]0;\u@\h: \w\a\]${debian_chroot:+($debian_chroot)}\[\033[01;32m\]\u@\h\[\033[00m\]:\[\033[01;34m\]\w\[\033[00m\]\$ PYTHONPATH=/home/rw/ros2_ws/src/ik_retargeting/build/glove/prefix_override:/usr/lib/python3/dist-packages/colcon_core/task/python/colcon_distutils_commands:/home/rw/ros2_ws/src/ik_retargeting/install/glove/lib/python3.12/site-packages:${PYTHONPATH} VIRTUAL_ENV_PROMPT=(venv) /usr/bin/python3 -W ignore:setup.py install is deprecated -W ignore:easy_install command is deprecated setup.py egg_info --egg-base ../build/glove build --build-base /home/rw/ros2_ws/src/ik_retargeting/build/glove/build install --record /home/rw/ros2_ws/src/ik_retargeting/build/glove/install.log --single-version-externally-managed install_data
[0.813s] Level 1:colcon.colcon_core.environment:checking '/home/rw/ros2_ws/src/ik_retargeting/install/glove' for CMake config files
[0.813s] Level 1:colcon.colcon_core.environment:checking '/home/rw/ros2_ws/src/ik_retargeting/install/glove/lib'
[0.813s] Level 1:colcon.colcon_core.environment:checking '/home/rw/ros2_ws/src/ik_retargeting/install/glove/bin'
[0.813s] Level 1:colcon.colcon_core.environment:checking '/home/rw/ros2_ws/src/ik_retargeting/install/glove/lib/pkgconfig/glove.pc'
[0.813s] Level 1:colcon.colcon_core.environment:checking '/home/rw/ros2_ws/src/ik_retargeting/install/glove/lib/python3.12/site-packages'
[0.813s] Level 1:colcon.colcon_core.shell:create_environment_hook('glove', 'pythonpath')
[0.813s] INFO:colcon.colcon_core.shell:Creating environment hook '/home/rw/ros2_ws/src/ik_retargeting/install/glove/share/glove/hook/pythonpath.ps1'
[0.813s] INFO:colcon.colcon_core.shell:Creating environment descriptor '/home/rw/ros2_ws/src/ik_retargeting/install/glove/share/glove/hook/pythonpath.dsv'
[0.814s] INFO:colcon.colcon_core.shell:Creating environment hook '/home/rw/ros2_ws/src/ik_retargeting/install/glove/share/glove/hook/pythonpath.sh'
[0.814s] Level 1:colcon.colcon_core.environment:checking '/home/rw/ros2_ws/src/ik_retargeting/install/glove/bin'
[0.814s] Level 1:colcon.colcon_core.environment:create_environment_scripts_only(glove)
[0.814s] INFO:colcon.colcon_core.shell:Creating package script '/home/rw/ros2_ws/src/ik_retargeting/install/glove/share/glove/package.ps1'
[0.814s] INFO:colcon.colcon_core.shell:Creating package descriptor '/home/rw/ros2_ws/src/ik_retargeting/install/glove/share/glove/package.dsv'
[0.814s] INFO:colcon.colcon_core.shell:Creating package script '/home/rw/ros2_ws/src/ik_retargeting/install/glove/share/glove/package.sh'
[0.814s] INFO:colcon.colcon_core.shell:Creating package script '/home/rw/ros2_ws/src/ik_retargeting/install/glove/share/glove/package.bash'
[0.814s] INFO:colcon.colcon_core.shell:Creating package script '/home/rw/ros2_ws/src/ik_retargeting/install/glove/share/glove/package.zsh'
[0.814s] Level 1:colcon.colcon_core.environment:create_file_with_runtime_dependencies(/home/rw/ros2_ws/src/ik_retargeting/install/glove/share/colcon-core/packages/glove)
[0.815s] DEBUG:colcon.colcon_parallel_executor.executor.parallel:closing loop
[0.815s] DEBUG:colcon.colcon_parallel_executor.executor.parallel:loop closed
[0.815s] DEBUG:colcon.colcon_parallel_executor.executor.parallel:run_until_complete finished with '0'
[0.815s] DEBUG:colcon.colcon_core.event_reactor:joining thread
[0.817s] INFO:colcon.colcon_core.plugin_system:Skipping extension 'colcon_notification.desktop_notification.terminal_notifier': Not used on non-Darwin systems
[0.817s] INFO:colcon.colcon_core.plugin_system:Skipping extension 'colcon_notification.desktop_notification.win32': Not used on non-Windows systems
[0.817s] INFO:colcon.colcon_notification.desktop_notification:Sending desktop notification using 'notify2'
[0.827s] DEBUG:colcon.colcon_core.event_reactor:joined thread
[0.827s] INFO:colcon.colcon_core.shell:Creating prefix script '/home/rw/ros2_ws/src/ik_retargeting/install/local_setup.ps1'
[0.827s] INFO:colcon.colcon_core.shell:Creating prefix util module '/home/rw/ros2_ws/src/ik_retargeting/install/_local_setup_util_ps1.py'
[0.827s] INFO:colcon.colcon_core.shell:Creating prefix chain script '/home/rw/ros2_ws/src/ik_retargeting/install/setup.ps1'
[0.828s] INFO:colcon.colcon_core.shell:Creating prefix script '/home/rw/ros2_ws/src/ik_retargeting/install/local_setup.sh'
[0.828s] INFO:colcon.colcon_core.shell:Creating prefix util module '/home/rw/ros2_ws/src/ik_retargeting/install/_local_setup_util_sh.py'
[0.829s] INFO:colcon.colcon_core.shell:Creating prefix chain script '/home/rw/ros2_ws/src/ik_retargeting/install/setup.sh'
[0.829s] INFO:colcon.colcon_core.shell:Creating prefix script '/home/rw/ros2_ws/src/ik_retargeting/install/local_setup.bash'
[0.830s] INFO:colcon.colcon_core.shell:Creating prefix chain script '/home/rw/ros2_ws/src/ik_retargeting/install/setup.bash'
[0.830s] INFO:colcon.colcon_core.shell:Creating prefix script '/home/rw/ros2_ws/src/ik_retargeting/install/local_setup.zsh'
[0.831s] INFO:colcon.colcon_core.shell:Creating prefix chain script '/home/rw/ros2_ws/src/ik_retargeting/install/setup.zsh'
